{"C:\\Luper\\src\\components\\Sidebar.tsx": {"path":"C:\\Luper\\src\\components\\Sidebar.tsx","statementMap":{"0":{"start":{"line":1,"column":0},"end":{"line":1,"column":73}},"1":{"start":{"line":2,"column":0},"end":{"line":2,"column":null}},"2":{"start":{"line":20,"column":0},"end":{"line":20,"column":38}},"3":{"start":{"line":21,"column":0},"end":{"line":21,"column":60}},"4":{"start":{"line":22,"column":0},"end":{"line":22,"column":82}},"5":{"start":{"line":23,"column":0},"end":{"line":23,"column":34}},"6":{"start":{"line":44,"column":28},"end":{"line":89,"column":2}},"7":{"start":{"line":91,"column":0},"end":{"line":95,"column":3}},"8":{"start":{"line":92,"column":2},"end":{"line":94,"column":3}},"9":{"start":{"line":93,"column":4},"end":{"line":93,"column":65}},"10":{"start":{"line":93,"column":33},"end":{"line":93,"column":63}},"11":{"start":{"line":97,"column":23},"end":{"line":119,"column":2}},"12":{"start":{"line":98,"column":2},"end":{"line":118,"column":4}},"13":{"start":{"line":100,"column":21},"end":{"line":100,"column":36}},"14":{"start":{"line":121,"column":23},"end":{"line":197,"column":2}},"15":{"start":{"line":138,"column":2},"end":{"line":196,"column":4}},"16":{"start":{"line":142,"column":23},"end":{"line":142,"column":53}},"17":{"start":{"line":185,"column":14},"end":{"line":186,"column":null}},"18":{"start":{"line":199,"column":13},"end":{"line":356,"column":3}},"19":{"start":{"line":200,"column":40},"end":{"line":200,"column":75}},"20":{"start":{"line":201,"column":40},"end":{"line":201,"column":55}},"21":{"start":{"line":202,"column":50},"end":{"line":202,"column":79}},"22":{"start":{"line":204,"column":2},"end":{"line":209,"column":9}},"23":{"start":{"line":205,"column":24},"end":{"line":207,"column":6}},"24":{"start":{"line":206,"column":6},"end":{"line":206,"column":27}},"25":{"start":{"line":208,"column":4},"end":{"line":208,"column":31}},"26":{"start":{"line":208,"column":17},"end":{"line":208,"column":30}},"27":{"start":{"line":211,"column":28},"end":{"line":220,"column":8}},"28":{"start":{"line":212,"column":4},"end":{"line":212,"column":25}},"29":{"start":{"line":213,"column":4},"end":{"line":219,"column":5}},"30":{"start":{"line":214,"column":6},"end":{"line":214,"column":30}},"31":{"start":{"line":216,"column":6},"end":{"line":216,"column":45}},"32":{"start":{"line":218,"column":6},"end":{"line":218,"column":28}},"33":{"start":{"line":222,"column":23},"end":{"line":228,"column":8}},"34":{"start":{"line":223,"column":4},"end":{"line":227,"column":5}},"35":{"start":{"line":224,"column":6},"end":{"line":224,"column":27}},"36":{"start":{"line":226,"column":6},"end":{"line":226,"column":40}},"37":{"start":{"line":230,"column":26},"end":{"line":237,"column":20}},"38":{"start":{"line":231,"column":4},"end":{"line":231,"column":26}},"39":{"start":{"line":232,"column":4},"end":{"line":236,"column":5}},"40":{"start":{"line":233,"column":6},"end":{"line":233,"column":69}},"41":{"start":{"line":233,"column":34},"end":{"line":233,"column":67}},"42":{"start":{"line":235,"column":6},"end":{"line":235,"column":32}},"43":{"start":{"line":239,"column":29},"end":{"line":241,"column":20}},"44":{"start":{"line":240,"column":4},"end":{"line":240,"column":21}},"45":{"start":{"line":243,"column":2},"end":{"line":250,"column":18}},"46":{"start":{"line":244,"column":23},"end":{"line":245,"column":null}},"47":{"start":{"line":245,"column":6},"end":{"line":245,"column":54}},"48":{"start":{"line":245,"column":33},"end":{"line":245,"column":53}},"49":{"start":{"line":247,"column":4},"end":{"line":249,"column":5}},"50":{"start":{"line":248,"column":6},"end":{"line":248,"column":41}},"51":{"start":{"line":252,"column":21},"end":{"line":259,"column":8}},"52":{"start":{"line":253,"column":49},"end":{"line":253,"column":51}},"53":{"start":{"line":254,"column":4},"end":{"line":257,"column":7}},"54":{"start":{"line":255,"column":6},"end":{"line":255,"column":55}},"55":{"start":{"line":255,"column":31},"end":{"line":255,"column":55}},"56":{"start":{"line":256,"column":6},"end":{"line":256,"column":36}},"57":{"start":{"line":258,"column":4},"end":{"line":258,"column":18}},"58":{"start":{"line":261,"column":2},"end":{"line":355,"column":4}},"59":{"start":{"line":275,"column":10},"end":{"line":275,"column":31}},"60":{"start":{"line":280,"column":14},"end":{"line":281,"column":null}}},"fnMap":{"0":{"name":"(anonymous_9)","decl":{"start":{"line":91,"column":17},"end":{"line":91,"column":21}},"loc":{"start":{"line":91,"column":24},"end":{"line":95,"column":1}}},"1":{"name":"(anonymous_10)","decl":{"start":{"line":93,"column":23},"end":{"line":93,"column":24}},"loc":{"start":{"line":93,"column":33},"end":{"line":93,"column":63}}},"2":{"name":"(anonymous_11)","decl":{"start":{"line":97,"column":34},"end":{"line":97,"column":35}},"loc":{"start":{"line":97,"column":139},"end":{"line":119,"column":1}}},"3":{"name":"(anonymous_12)","decl":{"start":{"line":100,"column":15},"end":{"line":100,"column":18}},"loc":{"start":{"line":100,"column":21},"end":{"line":100,"column":36}}},"4":{"name":"(anonymous_13)","decl":{"start":{"line":121,"column":34},"end":{"line":121,"column":35}},"loc":{"start":{"line":137,"column":5},"end":{"line":197,"column":1}}},"5":{"name":"(anonymous_14)","decl":{"start":{"line":142,"column":17},"end":{"line":142,"column":20}},"loc":{"start":{"line":142,"column":23},"end":{"line":142,"column":53}}},"6":{"name":"(anonymous_15)","decl":{"start":{"line":184,"column":39},"end":{"line":184,"column":42}},"loc":{"start":{"line":185,"column":14},"end":{"line":186,"column":null}}},"7":{"name":"Sidebar","decl":{"start":{"line":199,"column":43},"end":{"line":199,"column":50}},"loc":{"start":{"line":199,"column":92},"end":{"line":356,"column":1}}},"8":{"name":"(anonymous_17)","decl":{"start":{"line":204,"column":12},"end":{"line":204,"column":15}},"loc":{"start":{"line":204,"column":17},"end":{"line":209,"column":3}}},"9":{"name":"(anonymous_18)","decl":{"start":{"line":205,"column":49},"end":{"line":205,"column":50}},"loc":{"start":{"line":205,"column":58},"end":{"line":207,"column":5}}},"10":{"name":"(anonymous_19)","decl":{"start":{"line":208,"column":11},"end":{"line":208,"column":14}},"loc":{"start":{"line":208,"column":17},"end":{"line":208,"column":30}}},"11":{"name":"(anonymous_20)","decl":{"start":{"line":211,"column":46},"end":{"line":211,"column":51}},"loc":{"start":{"line":211,"column":57},"end":{"line":220,"column":3}}},"12":{"name":"(anonymous_21)","decl":{"start":{"line":222,"column":41},"end":{"line":222,"column":46}},"loc":{"start":{"line":222,"column":52},"end":{"line":228,"column":3}}},"13":{"name":"(anonymous_22)","decl":{"start":{"line":230,"column":44},"end":{"line":230,"column":45}},"loc":{"start":{"line":230,"column":84},"end":{"line":237,"column":3}}},"14":{"name":"(anonymous_23)","decl":{"start":{"line":233,"column":26},"end":{"line":233,"column":30}},"loc":{"start":{"line":233,"column":34},"end":{"line":233,"column":67}}},"15":{"name":"(anonymous_24)","decl":{"start":{"line":239,"column":47},"end":{"line":239,"column":48}},"loc":{"start":{"line":239,"column":62},"end":{"line":241,"column":3}}},"16":{"name":"(anonymous_25)","decl":{"start":{"line":243,"column":12},"end":{"line":243,"column":15}},"loc":{"start":{"line":243,"column":17},"end":{"line":250,"column":3}}},"17":{"name":"(anonymous_26)","decl":{"start":{"line":244,"column":37},"end":{"line":244,"column":41}},"loc":{"start":{"line":245,"column":6},"end":{"line":245,"column":54}}},"18":{"name":"(anonymous_27)","decl":{"start":{"line":245,"column":26},"end":{"line":245,"column":29}},"loc":{"start":{"line":245,"column":33},"end":{"line":245,"column":53}}},"19":{"name":"(anonymous_28)","decl":{"start":{"line":252,"column":29},"end":{"line":252,"column":32}},"loc":{"start":{"line":252,"column":34},"end":{"line":259,"column":3}}},"20":{"name":"(anonymous_29)","decl":{"start":{"line":254,"column":21},"end":{"line":254,"column":25}},"loc":{"start":{"line":254,"column":28},"end":{"line":257,"column":5}}},"21":{"name":"(anonymous_30)","decl":{"start":{"line":274,"column":40},"end":{"line":274,"column":41}},"loc":{"start":{"line":275,"column":10},"end":{"line":275,"column":31}}},"22":{"name":"(anonymous_31)","decl":{"start":{"line":279,"column":23},"end":{"line":279,"column":24}},"loc":{"start":{"line":280,"column":14},"end":{"line":281,"column":null}}}},"branchMap":{"0":{"loc":{"start":{"line":92,"column":2},"end":{"line":94,"column":3}},"type":"if","locations":[{"start":{"line":92,"column":2},"end":{"line":94,"column":3}}]},"1":{"loc":{"start":{"line":102,"column":8},"end":{"line":102,"column":null}},"type":"cond-expr","locations":[{"start":{"line":102,"column":22},"end":{"line":102,"column":46}},{"start":{"line":102,"column":49},"end":{"line":102,"column":null}}]},"2":{"loc":{"start":{"line":105,"column":7},"end":{"line":110,"column":null}},"type":"binary-expr","locations":[{"start":{"line":105,"column":7},"end":{"line":105,"column":18}},{"start":{"line":106,"column":8},"end":{"line":109,"column":null}}]},"3":{"loc":{"start":{"line":112,"column":7},"end":{"line":113,"column":null}},"type":"binary-expr","locations":[{"start":{"line":112,"column":7},"end":{"line":112,"column":19}},{"start":{"line":113,"column":8},"end":{"line":113,"column":133}}]},"4":{"loc":{"start":{"line":115,"column":100},"end":{"line":115,"column":205}},"type":"cond-expr","locations":[{"start":{"line":115,"column":114},"end":{"line":115,"column":165}},{"start":{"line":115,"column":168},"end":{"line":115,"column":205}}]},"5":{"loc":{"start":{"line":144,"column":10},"end":{"line":144,"column":null}},"type":"cond-expr","locations":[{"start":{"line":144,"column":21},"end":{"line":144,"column":33}},{"start":{"line":144,"column":36},"end":{"line":144,"column":null}}]},"6":{"loc":{"start":{"line":147,"column":9},"end":{"line":152,"column":null}},"type":"binary-expr","locations":[{"start":{"line":147,"column":9},"end":{"line":147,"column":17}},{"start":{"line":148,"column":10},"end":{"line":151,"column":null}}]},"7":{"loc":{"start":{"line":154,"column":9},"end":{"line":155,"column":null}},"type":"binary-expr","locations":[{"start":{"line":154,"column":9},"end":{"line":154,"column":18}},{"start":{"line":155,"column":10},"end":{"line":155,"column":135}}]},"8":{"loc":{"start":{"line":158,"column":109},"end":{"line":158,"column":200}},"type":"cond-expr","locations":[{"start":{"line":158,"column":120},"end":{"line":158,"column":136}},{"start":{"line":158,"column":139},"end":{"line":158,"column":200}}]},"9":{"loc":{"start":{"line":161,"column":9},"end":{"line":164,"column":null}},"type":"binary-expr","locations":[{"start":{"line":161,"column":9},"end":{"line":161,"column":19}},{"start":{"line":162,"column":10},"end":{"line":163,"column":null}}]},"10":{"loc":{"start":{"line":166,"column":9},"end":{"line":171,"column":null}},"type":"binary-expr","locations":[{"start":{"line":166,"column":9},"end":{"line":166,"column":20}},{"start":{"line":167,"column":10},"end":{"line":170,"column":null}}]},"11":{"loc":{"start":{"line":170,"column":74},"end":{"line":170,"column":147}},"type":"cond-expr","locations":[{"start":{"line":170,"column":105},"end":{"line":170,"column":128}},{"start":{"line":170,"column":131},"end":{"line":170,"column":147}}]},"12":{"loc":{"start":{"line":175,"column":7},"end":{"line":193,"column":null}},"type":"binary-expr","locations":[{"start":{"line":175,"column":7},"end":{"line":175,"column":18}},{"start":{"line":176,"column":8},"end":{"line":192,"column":null}}]},"13":{"loc":{"start":{"line":178,"column":29},"end":{"line":178,"column":70}},"type":"cond-expr","locations":[{"start":{"line":178,"column":60},"end":{"line":178,"column":66}},{"start":{"line":178,"column":69},"end":{"line":178,"column":70}}]},"14":{"loc":{"start":{"line":178,"column":81},"end":{"line":178,"column":117}},"type":"cond-expr","locations":[{"start":{"line":178,"column":112},"end":{"line":178,"column":113}},{"start":{"line":178,"column":116},"end":{"line":178,"column":117}}]},"15":{"loc":{"start":{"line":184,"column":14},"end":{"line":184,"column":33}},"type":"binary-expr","locations":[{"start":{"line":184,"column":14},"end":{"line":184,"column":27}},{"start":{"line":184,"column":31},"end":{"line":184,"column":33}}]},"16":{"loc":{"start":{"line":232,"column":4},"end":{"line":236,"column":5}},"type":"if","locations":[{"start":{"line":232,"column":4},"end":{"line":236,"column":5}},{"start":{"line":234,"column":11},"end":{"line":236,"column":5}}]},"17":{"loc":{"start":{"line":233,"column":34},"end":{"line":233,"column":67}},"type":"cond-expr","locations":[{"start":{"line":233,"column":53},"end":{"line":233,"column":57}},{"start":{"line":233,"column":60},"end":{"line":233,"column":67}}]},"18":{"loc":{"start":{"line":247,"column":4},"end":{"line":249,"column":5}},"type":"if","locations":[{"start":{"line":247,"column":4},"end":{"line":249,"column":5}}]},"19":{"loc":{"start":{"line":255,"column":6},"end":{"line":255,"column":55}},"type":"if","locations":[{"start":{"line":255,"column":6},"end":{"line":255,"column":55}}]},"20":{"loc":{"start":{"line":284,"column":32},"end":{"line":284,"column":73}},"type":"binary-expr","locations":[{"start":{"line":284,"column":32},"end":{"line":284,"column":45}},{"start":{"line":284,"column":49},"end":{"line":284,"column":73}}]},"21":{"loc":{"start":{"line":297,"column":9},"end":{"line":341,"column":null}},"type":"cond-expr","locations":[{"start":{"line":298,"column":10},"end":{"line":310,"column":null}},{"start":{"line":313,"column":10},"end":{"line":340,"column":null}}]},"22":{"loc":{"start":{"line":303,"column":13},"end":{"line":306,"column":null}},"type":"cond-expr","locations":[{"start":{"line":304,"column":14},"end":{"line":304,"column":95}},{"start":{"line":306,"column":14},"end":{"line":306,"column":79}}]},"23":{"loc":{"start":{"line":309,"column":15},"end":{"line":309,"column":70}},"type":"cond-expr","locations":[{"start":{"line":309,"column":29},"end":{"line":309,"column":49}},{"start":{"line":309,"column":52},"end":{"line":309,"column":70}}]},"24":{"loc":{"start":{"line":315,"column":15},"end":{"line":324,"column":null}},"type":"cond-expr","locations":[{"start":{"line":316,"column":16},"end":{"line":319,"column":null}},{"start":{"line":322,"column":16},"end":{"line":323,"column":null}}]},"25":{"loc":{"start":{"line":318,"column":23},"end":{"line":318,"column":61}},"type":"binary-expr","locations":[{"start":{"line":318,"column":23},"end":{"line":318,"column":46}},{"start":{"line":318,"column":50},"end":{"line":318,"column":61}}]},"26":{"loc":{"start":{"line":323,"column":20},"end":{"line":323,"column":71}},"type":"binary-expr","locations":[{"start":{"line":323,"column":20},"end":{"line":323,"column":43}},{"start":{"line":323,"column":47},"end":{"line":323,"column":64}},{"start":{"line":323,"column":68},"end":{"line":323,"column":71}}]},"27":{"loc":{"start":{"line":328,"column":19},"end":{"line":328,"column":57}},"type":"binary-expr","locations":[{"start":{"line":328,"column":19},"end":{"line":328,"column":42}},{"start":{"line":328,"column":46},"end":{"line":328,"column":57}}]}},"s":{"0":2,"1":2,"2":2,"3":2,"4":2,"5":2,"6":2,"7":2,"8":18,"9":4,"10":36,"11":2,"12":340,"13":2,"14":2,"15":234,"16":6,"17":442,"18":2,"19":48,"20":48,"21":48,"22":48,"23":20,"24":20,"25":20,"26":20,"27":48,"28":4,"29":4,"30":4,"31":2,"32":4,"33":48,"34":4,"35":4,"36":2,"37":48,"38":6,"39":6,"40":4,"41":4,"42":2,"43":48,"44":2,"45":48,"46":20,"47":166,"48":310,"49":20,"50":2,"51":48,"52":20,"53":20,"54":180,"55":40,"56":180,"57":20,"58":48,"59":96,"60":432},"f":{"0":18,"1":36,"2":340,"3":2,"4":234,"5":6,"6":442,"7":48,"8":20,"9":20,"10":20,"11":4,"12":4,"13":6,"14":4,"15":2,"16":20,"17":166,"18":310,"19":20,"20":180,"21":96,"22":432},"b":{"0":[4],"1":[2,338],"2":[340,2],"3":[340,338],"4":[2,338],"5":[22,212],"6":[234,22],"7":[234,212],"8":[22,212],"9":[234,0],"10":[234,52],"11":[4,48],"12":[234,52],"13":[4,48],"14":[4,48],"15":[52,0],"16":[4,2],"17":[2,2],"18":[2],"19":[40],"20":[432,96],"21":[40,8],"22":[8,32],"23":[8,32],"24":[2,6],"25":[2,0],"26":[6,2,0],"27":[8,2]}}
}
