TN:
SF:src\components\Sidebar.tsx
FN:91,(anonymous_9)
FN:93,(anonymous_10)
FN:97,(anonymous_11)
FN:100,(anonymous_12)
FN:121,(anonymous_13)
FN:142,(anonymous_14)
FN:184,(anonymous_15)
FN:199,Sidebar
FN:204,(anonymous_17)
FN:205,(anonymous_18)
FN:208,(anonymous_19)
FN:211,(anonymous_20)
FN:222,(anonymous_21)
FN:230,(anonymous_22)
FN:233,(anonymous_23)
FN:239,(anonymous_24)
FN:243,(anonymous_25)
FN:244,(anonymous_26)
FN:245,(anonymous_27)
FN:252,(anonymous_28)
FN:254,(anonymous_29)
FN:274,(anonymous_30)
FN:279,(anonymous_31)
FNF:23
FNH:23
FNDA:18,(anonymous_9)
FNDA:36,(anonymous_10)
FNDA:340,(anonymous_11)
FNDA:2,(anonymous_12)
FNDA:234,(anonymous_13)
FNDA:6,(anonymous_14)
FNDA:442,(anonymous_15)
FNDA:48,Sidebar
FNDA:20,(anonymous_17)
FNDA:20,(anonymous_18)
FNDA:20,(anonymous_19)
FNDA:4,(anonymous_20)
FNDA:4,(anonymous_21)
FNDA:6,(anonymous_22)
FNDA:4,(anonymous_23)
FNDA:2,(anonymous_24)
FNDA:20,(anonymous_25)
FNDA:166,(anonymous_26)
FNDA:310,(anonymous_27)
FNDA:20,(anonymous_28)
FNDA:180,(anonymous_29)
FNDA:96,(anonymous_30)
FNDA:432,(anonymous_31)
DA:1,2
DA:2,2
DA:20,2
DA:21,2
DA:22,2
DA:23,2
DA:44,2
DA:91,2
DA:92,18
DA:93,36
DA:97,2
DA:98,340
DA:100,2
DA:121,2
DA:138,234
DA:142,6
DA:185,442
DA:199,2
DA:200,48
DA:201,48
DA:202,48
DA:204,48
DA:205,20
DA:206,20
DA:208,20
DA:211,48
DA:212,4
DA:213,4
DA:214,4
DA:216,2
DA:218,4
DA:222,48
DA:223,4
DA:224,4
DA:226,2
DA:230,48
DA:231,6
DA:232,6
DA:233,4
DA:235,2
DA:239,48
DA:240,2
DA:243,48
DA:244,20
DA:245,310
DA:247,20
DA:248,2
DA:252,48
DA:253,20
DA:254,20
DA:255,180
DA:256,180
DA:258,20
DA:261,48
DA:275,96
DA:280,432
LF:56
LH:56
BRDA:92,0,0,4
BRDA:102,1,0,2
BRDA:102,1,1,338
BRDA:105,2,0,340
BRDA:105,2,1,2
BRDA:112,3,0,340
BRDA:112,3,1,338
BRDA:115,4,0,2
BRDA:115,4,1,338
BRDA:144,5,0,22
BRDA:144,5,1,212
BRDA:147,6,0,234
BRDA:147,6,1,22
BRDA:154,7,0,234
BRDA:154,7,1,212
BRDA:158,8,0,22
BRDA:158,8,1,212
BRDA:161,9,0,234
BRDA:161,9,1,0
BRDA:166,10,0,234
BRDA:166,10,1,52
BRDA:170,11,0,4
BRDA:170,11,1,48
BRDA:175,12,0,234
BRDA:175,12,1,52
BRDA:178,13,0,4
BRDA:178,13,1,48
BRDA:178,14,0,4
BRDA:178,14,1,48
BRDA:184,15,0,52
BRDA:184,15,1,0
BRDA:232,16,0,4
BRDA:232,16,1,2
BRDA:233,17,0,2
BRDA:233,17,1,2
BRDA:247,18,0,2
BRDA:255,19,0,40
BRDA:284,20,0,432
BRDA:284,20,1,96
BRDA:297,21,0,40
BRDA:297,21,1,8
BRDA:303,22,0,8
BRDA:303,22,1,32
BRDA:309,23,0,8
BRDA:309,23,1,32
BRDA:315,24,0,2
BRDA:315,24,1,6
BRDA:318,25,0,2
BRDA:318,25,1,0
BRDA:323,26,0,6
BRDA:323,26,1,2
BRDA:323,26,2,0
BRDA:328,27,0,8
BRDA:328,27,1,2
BRF:54
BRH:50
end_of_record
